2022-Sep-08 23:11:21 Наличие необходимых модулей php (check_php_modules): Ok
Все необходимые модули установлены
2022-Sep-08 23:11:21 Обязательные параметры PHP (check_php_settings): Ok
Настройки правильные
2022-Sep-08 23:11:21 Модули веб-сервера (check_security): Ok
Конфликтов не выявлено
2022-Sep-08 23:11:21 Значения переменных сервера (check_server_vars): Fail
Ошибка! Текущий домен не валидный (devstar). Может содержать только цифры, латинские буквы и дефис. Должен содержать точку.
2022-Sep-08 23:11:21 Сохранение сессии (check_session): Ok
50% done
2022-Sep-08 23:11:21 Сохранение сессии (check_session): Ok
Успешно
2022-Sep-08 23:11:21 Параметры настройки UTF (mbstring и константа BX_UTF) (check_mbstring): Ok
Правильные. Сайт работает в UTF кодировке
2022-Sep-08 23:11:21 Служебные скрипты в корне сайта (check_install_scripts): Ok
Отсутствуют
2022-Sep-08 23:11:21 Работа с сокетами (check_socket): Ok
Connection to devstar:80	Success

Успешно
2022-Sep-08 23:11:21 Выполнение агентов на cron (check_bx_crontab): Warning
Замечание. Агенты выполняются на хитах, рекомендуется перевести выполнение агентов на cron
2022-Sep-08 23:11:21 Параметры подключения к базе данных (check_dbconn_settings): Ok
Успешно
2022-Sep-08 23:11:21 Лишний вывод в файлах конфигурации (check_dbconn): Ok
Connection to devstar:80	Success

Успешно
2022-Sep-08 23:11:22 Сохранение сессии без UserAgent (check_session_ua): Ok
50% done
Connection to devstar:80	Success

2022-Sep-08 23:11:22 Сохранение сессии без UserAgent (check_session_ua): Ok
Connection to devstar:80	Success

Успешно
2022-Sep-08 23:11:22 Настройки сайтов (check_sites): Ok
Правильные
2022-Sep-08 23:11:22 Передача объектов по ссылке (check_clone): Ok
Успешно
2022-Sep-08 23:11:22 Размер стека и pcre.recursion_limit (check_pcre_recursion): Ok
Connection to devstar:80	Success

Успешно
2022-Sep-08 23:11:22 Загрузка файла (check_upload): Ok
Connection to devstar:80	Success

Успешно
2022-Sep-08 23:11:22 Загрузка файла больше 4Мб (check_upload_big): Ok
Connection to devstar:80	Success

Успешно
2022-Sep-08 23:11:22 Загрузка файла через php://input (check_upload_raw): Ok
Connection to devstar:80	Success

Успешно
2022-Sep-08 23:11:22 Передача POST запроса с большим числом параметров (check_post): Ok
Connection to devstar:80	Success

Успешно
2022-Sep-08 23:11:24 Отправка почты (check_mail): Fail
Ошибка! Не работает
2022-Sep-08 23:11:26 Отправка почтового сообщения больше 64Кб (check_mail_big): Fail
Ошибка! Не работает
2022-Sep-08 23:11:26 Проверка на наличие неотправленных сообщений (check_mail_b_event): Ok
Успешно
2022-Sep-08 23:11:26 Внутреннее перенаправление (функция LocalRedirect) (check_localredirect): Ok
50% done
Connection to devstar:80	Success

2022-Sep-08 23:11:27 Внутреннее перенаправление (функция LocalRedirect) (check_localredirect): Ok
Connection to devstar:80	Success

Успешно
2022-Sep-08 23:11:27 Фактическое ограничение памяти (check_memory_limit): Ok
20% done
Connection to devstar:80	Success

2022-Sep-08 23:11:27 Фактическое ограничение памяти (check_memory_limit): Ok
40% done
Connection to devstar:80	Success

2022-Sep-08 23:11:27 Фактическое ограничение памяти (check_memory_limit): Ok
60% done
Connection to devstar:80	Success

2022-Sep-08 23:11:27 Фактическое ограничение памяти (check_memory_limit): Ok
80% done
Connection to devstar:80	Success

2022-Sep-08 23:11:27 Фактическое ограничение памяти (check_memory_limit): Ok
Connection to devstar:80	Success

Не менее 256 М
2022-Sep-08 23:11:27 Работа с файлами кеша (check_cache): Ok
Успешно
2022-Sep-08 23:11:27 Доступ к серверу обновлений (check_update): Ok
Успешно
2022-Sep-08 23:11:27 HTTP авторизация (check_http_auth): Ok
Connection to devstar:80	Success

Успешно
2022-Sep-08 23:11:27 Создание и запуск файла (check_exec): Ok
Connection to devstar:80	Success

Успешно
2022-Sep-08 23:11:28 Функция getimagesize для swf (check_getimagesize): Ok
Успешно
2022-Sep-08 23:11:28 Версия MySQL-сервера (check_mysql_bug_version): Ok
Успешно
2022-Sep-08 23:11:29 Время на БД и веб-сервере (check_mysql_time): Ok
Успешно
2022-Sep-08 23:11:29 Режим работы MySQL (check_mysql_mode): Ok
Успешно
2022-Sep-08 23:11:29 Кодировка соединения (check_mysql_connection_charset): Ok
character_set_connection=utf8, collation_connection=utf8_unicode_ci, character_set_results=utf8
Успешно
2022-Sep-08 23:11:29 Кодировка базы данных (check_mysql_db_charset): Ok
CHARSET=utf8, COLLATION=utf8_unicode_ci
Успешно
2022-Sep-08 23:11:29 Кодировки таблиц в БД (check_mysql_table_charset): Ok
Успешно
2022-Sep-08 23:11:29 Структура базы данных (check_mysql_table_structure): Ok
0% done
2022-Sep-08 23:11:29 Структура базы данных (check_mysql_table_structure): Ok
6% done
2022-Sep-08 23:11:30 Структура базы данных (check_mysql_table_structure): Ok
12% done
2022-Sep-08 23:11:30 Структура базы данных (check_mysql_table_structure): Ok
18% done
2022-Sep-08 23:11:30 Структура базы данных (check_mysql_table_structure): Ok
25% done
2022-Sep-08 23:11:32 Структура базы данных (check_mysql_table_structure): Ok
31% done
2022-Sep-08 23:11:34 Структура базы данных (check_mysql_table_structure): Ok
37% done
2022-Sep-08 23:11:40 Структура базы данных (check_mysql_table_structure): Ok
43% done
2022-Sep-08 23:11:40 Структура базы данных (check_mysql_table_structure): Ok
50% done
2022-Sep-08 23:11:41 Структура базы данных (check_mysql_table_structure): Ok
56% done
2022-Sep-08 23:11:42 Структура базы данных (check_mysql_table_structure): Ok
62% done
2022-Sep-08 23:11:43 Структура базы данных (check_mysql_table_structure): Ok
68% done
2022-Sep-08 23:11:44 Структура базы данных (check_mysql_table_structure): Ok
75% done
2022-Sep-08 23:11:45 Структура базы данных (check_mysql_table_structure): Ok
81% done
2022-Sep-08 23:11:45 Структура базы данных (check_mysql_table_structure): Ok
87% done
2022-Sep-08 23:11:45 Структура базы данных (check_mysql_table_structure): Ok
93% done
2022-Sep-08 23:11:45 Структура базы данных (check_mysql_table_structure): Ok
Успешно
